<?xml version="1.0" encoding="UTF-8"?>
<!-- Generated by org.testng.reporters.JUnitReportReporter -->
<testsuite hostname="Lenovo-PC" name="scripts.TC01" tests="1" failures="0" timestamp="17 Dec 2016 02:15:13 GMT" time="26.773" errors="0">
  <testcase name="testTC01" time="26.773" classname="scripts.TC01"/>
</testsuite> <!-- scripts.TC01 -->
