<?xml version="1.0" encoding="UTF-8"?>
<!-- Generated by org.testng.reporters.JUnitReportReporter -->
<testsuite hostname="Lenovo-PC" name="scripts.TC04" tests="1" failures="0" timestamp="6 Dec 2016 01:37:53 GMT" time="36.553" errors="0">
  <testcase name="testTC04" time="36.553" classname="scripts.TC04"/>
</testsuite> <!-- scripts.TC04 -->
