<?xml version="1.0" encoding="UTF-8"?>
<!-- Generated by org.testng.reporters.JUnitReportReporter -->
<testsuite hostname="Lenovo-PC" name="scripts.TC2" tests="1" failures="0" timestamp="11 Nov 2016 01:12:57 GMT" time="42.333" errors="0">
  <testcase name="testTC02" time="42.333" classname="scripts.TC2"/>
</testsuite> <!-- scripts.TC2 -->
