<?xml version="1.0" encoding="UTF-8"?>
<!-- Generated by org.testng.reporters.JUnitReportReporter -->
<testsuite hostname="Lenovo-PC" name="scripts.TC01" tests="1" failures="0" timestamp="1 Dec 2016 02:59:25 GMT" time="22.834" errors="0">
  <testcase name="testTC01" time="22.834" classname="scripts.TC01"/>
</testsuite> <!-- scripts.TC01 -->
