<?xml version="1.0" encoding="UTF-8"?>
<!-- Generated by org.testng.reporters.JUnitReportReporter -->
<testsuite hostname="Lenovo-PC" name="scripts.TC02" tests="1" failures="0" timestamp="30 Nov 2016 04:45:13 GMT" time="56.609" errors="0">
  <testcase name="testTC02" time="56.609" classname="scripts.TC02"/>
</testsuite> <!-- scripts.TC02 -->
